{"level":"is","timestamp":"2022-03-31T17:52:36.184Z"}
{"level":"is","timestamp":"2022-03-31T17:56:47.087Z"}
{"level":"is","timestamp":"2022-03-31T17:57:51.611Z"}
{"level":"is","message":true,"timestamp":"2022-03-31T17:58:34.546Z"}
{"level":"is","message":{"email":"cyrus@gmail.com","gm":true,"gmail_access":"wivina","gmail_id":null,"id":2,"password":"$2b$10$.v17yPWJ6kM4s5..BSEGzu1kSfPK8/6dEmxucQ10/VZULuXn6ma8q"},"timestamp":"2022-03-31T18:00:13.483Z"}
{"level":"is","message":{"email":"cyrus@gmail.com","gm":true,"gmail_access":"wivina","gmail_id":null,"id":2,"password":"$2b$10$.v17yPWJ6kM4s5..BSEGzu1kSfPK8/6dEmxucQ10/VZULuXn6ma8q"},"timestamp":"2022-03-31T18:00:37.635Z"}
{"level":"is","message":{"id":5},"timestamp":"2022-03-31T18:43:37.539Z"}
{"level":"problem","message":"didnt understand","timestamp":"2022-03-31T19:13:02.999Z"}
{"level":"is","message":"need to take it step by step","timestamp":"2022-03-31T19:13:03.002Z"}
{"level":"is","message":{"id":6},"timestamp":"2022-03-31T19:13:03.054Z"}
{"level":"problem","message":"didnt understand","timestamp":"2022-03-31T19:13:33.647Z"}
{"level":"is","message":"need to take it step by step","timestamp":"2022-03-31T19:13:33.649Z"}
{"level":"is","message":{"id":7},"timestamp":"2022-03-31T19:13:33.688Z"}
{"level":"is","message":{"id":7},"timestamp":"2022-03-31T19:13:33.689Z"}
{"level":"problem","message":"didnt understand","timestamp":"2022-03-31T19:15:25.217Z"}
{"level":"is","message":"need to take it step by step","timestamp":"2022-03-31T19:15:25.220Z"}
{"level":"is","message":{"id":8},"timestamp":"2022-03-31T19:15:25.261Z"}
{"level":"problem","message":"didnt understand","timestamp":"2022-03-31T19:16:53.330Z"}
{"level":"is","message":"need to take it step by step","timestamp":"2022-03-31T19:16:53.332Z"}
{"level":"is","message":{"id":9},"timestamp":"2022-03-31T19:16:53.373Z"}
{"level":"problem","message":"didnt understand","timestamp":"2022-03-31T19:17:04.985Z"}
{"level":"is","message":"need to take it step by step","timestamp":"2022-03-31T19:17:04.987Z"}
{"level":"is","message":{"id":10},"timestamp":"2022-03-31T19:17:05.027Z"}
{"level":"problem","message":"didnt understand","timestamp":"2022-03-31T19:17:14.640Z"}
{"level":"is","message":"need to take it step by step","timestamp":"2022-03-31T19:17:14.644Z"}
{"level":"is","message":{"id":11},"timestamp":"2022-03-31T19:17:14.685Z"}
{"level":"problem","message":"didnt understand","timestamp":"2022-03-31T19:18:50.308Z"}
{"level":"is","message":"need to take it step by step","timestamp":"2022-03-31T19:18:50.311Z"}
{"level":"is","message":{"id":12},"timestamp":"2022-03-31T19:18:50.350Z"}
{"level":"problem","message":"didnt understand","timestamp":"2022-03-31T19:19:32.724Z"}
{"level":"is","message":"need to take it step by step","timestamp":"2022-03-31T19:19:32.727Z"}
{"level":"is","message":{"background_effects":"needs a lot of reassurance, needs community, needs others, needs to stay focused on building her team, clarify mission, needs to stay calm, needs to stay true, had many mentors, loves reading, loveable, selfish with own time, heartbreaker","charisma":100,"concentration":85,"dexterity":100,"gold":100,"hp":100,"id":1,"image":"https://dl.dropbox.com/s/ga8r0s824cdf75z/cyrus.png","intelligence":87,"name":"audrey","silver":100,"stamina":100,"strength":100,"user_id":1},"timestamp":"2022-03-31T19:19:32.774Z"}
{"level":"problem","message":"didnt understand","timestamp":"2022-03-31T19:20:00.273Z"}
{"level":"is","message":"need to take it step by step","timestamp":"2022-03-31T19:20:00.275Z"}
{"level":"problem","message":"didnt understand","timestamp":"2022-03-31T19:20:22.084Z"}
{"level":"is","message":"need to take it step by step","timestamp":"2022-03-31T19:20:22.087Z"}
{"level":"problem","message":"didnt understand","timestamp":"2022-03-31T19:20:26.832Z"}
{"level":"is","message":"need to take it step by step","timestamp":"2022-03-31T19:20:26.835Z"}
{"level":"problem","message":"didnt understand","timestamp":"2022-03-31T19:20:30.619Z"}
{"level":"is","message":"need to take it step by step","timestamp":"2022-03-31T19:20:30.621Z"}
{"level":"problem","message":"didnt understand","timestamp":"2022-03-31T19:20:31.954Z"}
{"level":"is","message":"need to take it step by step","timestamp":"2022-03-31T19:20:31.956Z"}
{"level":"problem","message":"didnt understand","timestamp":"2022-03-31T19:20:33.523Z"}
{"level":"is","message":"need to take it step by step","timestamp":"2022-03-31T19:20:33.526Z"}
{"level":"problem","message":"didnt understand","timestamp":"2022-03-31T19:24:47.106Z"}
{"level":"is","message":"need to take it step by step","timestamp":"2022-03-31T19:24:47.109Z"}
{"level":"is","message":{"background_effects":"needs a lot of reassurance, needs community, needs others, needs to stay focused on building her team, clarify mission, needs to stay calm, needs to stay true, had many mentors, loves reading, loveable, selfish with own time, heartbreaker","charisma":100,"concentration":85,"dexterity":100,"gold":100,"hp":100,"id":7,"image":"https://dl.dropbox.com/s/ga8r0s824cdf75z/cyrus.png","intelligence":87,"kills":35,"name":"audrey","silver":100,"stamina":100,"strength":100,"user_id":1},"timestamp":"2022-03-31T19:24:47.172Z"}
{"level":"problem","message":"didnt understand","timestamp":"2022-03-31T19:24:52.204Z"}
{"level":"is","message":"need to take it step by step","timestamp":"2022-03-31T19:24:52.206Z"}
{"level":"is","message":{"background_effects":"needs a lot of reassurance, needs community, needs others, needs to stay focused on building her team, clarify mission, needs to stay calm, needs to stay true, had many mentors, loves reading, loveable, selfish with own time, heartbreaker","charisma":100,"concentration":85,"dexterity":100,"gold":100,"hp":100,"id":7,"image":"https://dl.dropbox.com/s/ga8r0s824cdf75z/cyrus.png","intelligence":87,"kills":35,"name":"audrey","silver":100,"stamina":100,"strength":100,"user_id":1},"timestamp":"2022-03-31T19:24:52.266Z"}
{"level":"problem","message":"didnt understand","timestamp":"2022-03-31T19:26:26.724Z"}
{"level":"is","message":"need to take it step by step","timestamp":"2022-03-31T19:26:26.726Z"}
{"level":"is","message":{"background_effects":"needs a lot of reassurance, needs community, needs others, needs to stay focused on building her team, clarify mission, needs to stay calm, needs to stay true, had many mentors, loves reading, loveable, selfish with own time, heartbreaker","charisma":100,"concentration":85,"dexterity":100,"gold":100,"hp":100,"id":7,"image":"https://dl.dropbox.com/s/ga8r0s824cdf75z/cyrus.png","intelligence":87,"kills":35,"name":"audrey","silver":100,"stamina":100,"strength":100,"user_id":1},"timestamp":"2022-03-31T19:26:26.789Z"}
{"level":"problem","message":"didnt understand","timestamp":"2022-03-31T19:30:25.513Z"}
{"level":"is","message":"need to take it step by step","timestamp":"2022-03-31T19:30:25.515Z"}
{"level":"is","message":{"error":"not able to updateError: Empty .update() call detected! Update data does not contain any values to update. This will result in a faulty query. Table: character. Columns: .","expected":"should be able to return an object","location":"effective_knex, update one"},"timestamp":"2022-03-31T19:30:25.593Z"}
{"level":"problem","message":"didnt understand","timestamp":"2022-03-31T19:30:45.733Z"}
{"level":"is","message":"need to take it step by step","timestamp":"2022-03-31T19:30:45.736Z"}
{"level":"problem","message":"didnt understand","timestamp":"2022-03-31T19:31:06.791Z"}
{"level":"is","message":"need to take it step by step","timestamp":"2022-03-31T19:31:06.794Z"}
{"level":"is","message":true,"timestamp":"2022-03-31T19:34:18.974Z"}
{"level":"is","message":{"email":"cyrus@gmail.com","gm":true,"gmail_access":"wivina","gmail_id":null,"id":2,"password":"$2b$10$klYOgbuZ7l1kvnCOnfQoU.4PN.fx/LvRzttsaXBOhIfMGFndS.Ueq"},"timestamp":"2022-03-31T19:34:18.979Z"}
{"level":"problem","message":"didnt understand","timestamp":"2022-03-31T19:34:35.216Z"}
{"level":"is","message":"need to take it step by step","timestamp":"2022-03-31T19:34:35.218Z"}
{"level":"problem","message":"didnt understand","timestamp":"2022-03-31T19:34:46.023Z"}
{"level":"is","message":"need to take it step by step","timestamp":"2022-03-31T19:34:46.025Z"}
{"level":"problem","message":"didnt understand","timestamp":"2022-03-31T19:34:49.462Z"}
{"level":"is","message":"need to take it step by step","timestamp":"2022-03-31T19:34:49.464Z"}
{"level":"problem","message":"didnt understand","timestamp":"2022-03-31T19:35:05.250Z"}
{"level":"is","message":"need to take it step by step","timestamp":"2022-03-31T19:35:05.253Z"}
{"level":"problem","message":"didnt understand","timestamp":"2022-03-31T19:35:21.603Z"}
{"level":"is","message":"need to take it step by step","timestamp":"2022-03-31T19:35:21.606Z"}
{"level":"is","message":{"background_effects":"needs a lot of reassurance, needs community, needs others, needs to stay focused on building her team, clarify mission, needs to stay calm, needs to stay true, had many mentors, loves reading, loveable, selfish with own time, heartbreaker","charisma":100,"concentration":85,"dexterity":100,"gold":100,"hp":100,"id":7,"image":"https://dl.dropbox.com/s/ga8r0s824cdf75z/cyrus.png","intelligence":87,"kills":35,"listening":65,"name":"audrey","silver":100,"stamina":100,"strength":100,"user_id":1},"timestamp":"2022-03-31T19:35:21.669Z"}
{"level":"problem","message":"didnt understand","timestamp":"2022-03-31T19:35:29.331Z"}
{"level":"is","message":"need to take it step by step","timestamp":"2022-03-31T19:35:29.334Z"}
{"level":"is","message":{"background_effects":"needs a lot of reassurance, needs community, needs others, needs to stay focused on building her team, clarify mission, needs to stay calm, needs to stay true, had many mentors, loves reading, loveable, selfish with own time, heartbreaker","charisma":100,"concentration":85,"dexterity":100,"gold":100,"hp":100,"id":7,"image":"https://dl.dropbox.com/s/ga8r0s824cdf75z/cyrus.png","intelligence":87,"kills":35,"listening":65,"name":"audrey","silver":100,"stamina":100,"strength":100,"user_id":2},"timestamp":"2022-03-31T19:35:29.400Z"}
{"level":"is","message":true,"timestamp":"2022-03-31T19:38:22.054Z"}
{"level":"is","message":{"email":"cyrus@gmail.com","gm":true,"gmail_access":"wivina","gmail_id":null,"id":1,"password":"$2b$10$XLz3smhlW72plOQDjE5gye5JHsjVonYmaQuf/HoLKaXuV8suAsg/S"},"timestamp":"2022-03-31T19:38:22.056Z"}
{"level":"problem","message":"didnt understand","timestamp":"2022-03-31T19:38:38.877Z"}
{"level":"is","message":"need to take it step by step","timestamp":"2022-03-31T19:38:38.879Z"}
{"level":"is","message":{"error":"not able to updateError: Empty .update() call detected! Update data does not contain any values to update. This will result in a faulty query. Table: character. Columns: .","expected":"should be able to return an object","location":"effective_knex, update one"},"timestamp":"2022-03-31T19:38:38.934Z"}
{"level":"problem","message":"didnt understand","timestamp":"2022-03-31T19:38:48.956Z"}
{"level":"is","message":"need to take it step by step","timestamp":"2022-03-31T19:38:48.958Z"}
{"level":"problem","message":"didnt understand","timestamp":"2022-03-31T19:39:16.396Z"}
{"level":"is","message":"need to take it step by step","timestamp":"2022-03-31T19:39:16.398Z"}
{"level":"is","message":{"background_effects":"needs a lot of reassurance, needs community, needs others, needs to stay focused on building her team, clarify mission, needs to stay calm, needs to stay true, had many mentors, loves reading, loveable, selfish with own time, heartbreaker","charisma":100,"concentration":85,"dexterity":100,"gold":100,"hp":100,"id":3,"image":"https://dl.dropbox.com/s/ga8r0s824cdf75z/cyrus.png","intelligence":87,"kills":35,"listening":65,"name":"audrey","silver":100,"stamina":100,"strength":100,"user_id":1},"timestamp":"2022-03-31T19:39:16.442Z"}
{"level":"problem","message":"didnt understand","timestamp":"2022-03-31T19:43:14.305Z"}
{"level":"is","message":"need to take it step by step","timestamp":"2022-03-31T19:43:14.308Z"}
{"level":"is","message":{"background_effects":"needs a lot of reassurance, needs community, needs others, needs to stay focused on building her team, clarify mission, needs to stay calm, needs to stay true, had many mentors, loves reading, loveable, selfish with own time, heartbreaker","charisma":100,"concentration":85,"dexterity":100,"gold":100,"hp":100,"id":4,"image":"https://dl.dropbox.com/s/ga8r0s824cdf75z/cyrus.png","intelligence":87,"kills":35,"listening":65,"name":"audrey","silver":100,"stamina":100,"strength":100,"user_id":1},"timestamp":"2022-03-31T19:43:14.351Z"}
{"level":"problem","message":"didnt understand","timestamp":"2022-03-31T19:44:12.370Z"}
{"level":"is","message":"need to take it step by step","timestamp":"2022-03-31T19:44:12.372Z"}
{"level":"is","message":{"background_effects":"needs a lot of reassurance, needs community, needs others, needs to stay focused on building her team, clarify mission, needs to stay calm, needs to stay true, had many mentors, loves reading, loveable, selfish with own time, heartbreaker","charisma":100,"concentration":85,"dexterity":100,"gold":100,"hp":100,"id":5,"image":"https://dl.dropbox.com/s/ga8r0s824cdf75z/cyrus.png","intelligence":87,"kills":35,"listening":65,"name":"audrey","silver":100,"stamina":100,"strength":100,"user_id":1},"timestamp":"2022-03-31T19:44:12.413Z"}
{"level":"problem","message":"didnt understand","timestamp":"2022-03-31T19:44:13.962Z"}
{"level":"is","message":"need to take it step by step","timestamp":"2022-03-31T19:44:13.965Z"}
{"level":"is","message":{"background_effects":"needs a lot of reassurance, needs community, needs others, needs to stay focused on building her team, clarify mission, needs to stay calm, needs to stay true, had many mentors, loves reading, loveable, selfish with own time, heartbreaker","charisma":100,"concentration":85,"dexterity":100,"gold":100,"hp":100,"id":6,"image":"https://dl.dropbox.com/s/ga8r0s824cdf75z/cyrus.png","intelligence":87,"kills":35,"listening":65,"name":"audrey","silver":100,"stamina":100,"strength":100,"user_id":1},"timestamp":"2022-03-31T19:44:14.008Z"}
{"level":"problem","message":"didnt understand","timestamp":"2022-03-31T19:44:15.200Z"}
{"level":"is","message":"need to take it step by step","timestamp":"2022-03-31T19:44:15.202Z"}
{"level":"is","message":{"background_effects":"needs a lot of reassurance, needs community, needs others, needs to stay focused on building her team, clarify mission, needs to stay calm, needs to stay true, had many mentors, loves reading, loveable, selfish with own time, heartbreaker","charisma":100,"concentration":85,"dexterity":100,"gold":100,"hp":100,"id":7,"image":"https://dl.dropbox.com/s/ga8r0s824cdf75z/cyrus.png","intelligence":87,"kills":35,"listening":65,"name":"audrey","silver":100,"stamina":100,"strength":100,"user_id":1},"timestamp":"2022-03-31T19:44:15.244Z"}
{"level":"problem","message":"didnt understand","timestamp":"2022-03-31T19:44:52.725Z"}
{"level":"is","message":"need to take it step by step","timestamp":"2022-03-31T19:44:52.727Z"}
{"level":"is","message":{"background_effects":"needs a lot of reassurance, needs community, needs others, needs to stay focused on building her team, clarify mission, needs to stay calm, needs to stay true, had many mentors, loves reading, loveable, selfish with own time, heartbreaker","charisma":100,"concentration":85,"dexterity":100,"gold":100,"hp":100,"id":8,"image":"https://dl.dropbox.com/s/ga8r0s824cdf75z/cyrus.png","intelligence":87,"kills":35,"listening":65,"name":"audrey","silver":100,"stamina":100,"strength":100,"user_id":1},"timestamp":"2022-03-31T19:44:52.770Z"}
{"level":"problem","message":"didnt understand","timestamp":"2022-03-31T19:45:29.402Z"}
{"level":"is","message":"need to take it step by step","timestamp":"2022-03-31T19:45:29.404Z"}
{"level":"problem","message":"didnt understand","timestamp":"2022-03-31T19:45:52.099Z"}
{"level":"is","message":"need to take it step by step","timestamp":"2022-03-31T19:45:52.102Z"}
{"level":"problem","message":"didnt understand","timestamp":"2022-03-31T19:46:07.623Z"}
{"level":"is","message":"need to take it step by step","timestamp":"2022-03-31T19:46:07.625Z"}
{"level":"problem","message":"didnt understand","timestamp":"2022-03-31T20:21:24.338Z"}
{"level":"is","message":"need to take it step by step","timestamp":"2022-03-31T20:21:24.342Z"}
{"level":"problem","message":"music is distracting","timestamp":"2022-03-31T20:21:24.342Z"}
{"level":"is","message":"its hard for anyone to focus on anything for more than like 2 hours dude, relax. u just lose your focus when you code too much. save from for people you love and care about. like, maybe just code on less mg and take more breaks.","timestamp":"2022-03-31T20:21:24.343Z"}
